#
# There is insufficient memory for the Java Runtime Environment to continue.
# Native memory allocation (mmap) failed to map 132120576 bytes for G1 virtual space
# Possible reasons:
#   The system is out of physical RAM or swap space
#   The process is running with CompressedOops enabled, and the Java Heap may be blocking the growth of the native heap
# Possible solutions:
#   Reduce memory load on the system
#   Increase physical memory or swap space
#   Check if swap backing store is full
#   Decrease Java heap size (-Xmx/-Xms)
#   Decrease number of Java threads
#   Decrease Java thread stack sizes (-Xss)
#   Set larger code cache with -XX:ReservedCodeCacheSize=
#   JVM is running with Unscaled Compressed Oops mode in which the Java heap is
#     placed in the first 4GB address space. The Java Heap base address is the
#     maximum limit for the native heap growth. Please use -XX:HeapBaseMinAddress
#     to set the Java Heap base and to place the Java Heap above 4GB virtual address.
# This output file may be truncated or incomplete.
#
#  Out of Memory Error (os_windows.cpp:3600), pid=15776, tid=30860
#
# JRE version:  (21.0.5+9) (build )
# Java VM: Java HotSpot(TM) 64-Bit Server VM (21.0.5+9-LTS-239, mixed mode, emulated-client, sharing, tiered, compressed oops, compressed class ptrs, g1 gc, windows-amd64)
# No core dump will be written. Minidumps are not enabled by default on client versions of Windows
#

---------------  S U M M A R Y ------------

Command Line: -XX:TieredStopAtLevel=1 -Dspring.output.ansi.enabled=always -Dcom.sun.management.jmxremote -Dspring.jmx.enabled=true -Dspring.liveBeansView.mbeanDomain -Dspring.application.admin.enabled=true -Dmanagement.endpoints.jmx.exposure.include=* -javaagent:D:\Program Files\JAVA\IntelliJ IDEA\IntelliJ IDEA 2023.2.4\lib\idea_rt.jar=16923:D:\Program Files\JAVA\IntelliJ IDEA\IntelliJ IDEA 2023.2.4\bin -Dfile.encoding=UTF-8 -Dsun.stdout.encoding=UTF-8 -Dsun.stderr.encoding=UTF-8 org.emsi.voiture.VoitureApplication

Host: 11th Gen Intel(R) Core(TM) i5-1135G7 @ 2.40GHz, 8 cores, 7G,  Windows 11 , 64 bit Build 22621 (10.0.22621.4391)
Time: Tue Jan 14 01:10:55 2025 Maroc (heure d64 bit Build 22621 (10.0.22621.4391) elapsed time: 0.393961 seconds (0d 0h 0m 0s)

---------------  T H R E A D  ---------------

Current thread (0x000001b6e2742ff0):  JavaThread "Unknown thread" [_thread_in_vm, id=30860, stack(0x000000b292a00000,0x000000b292b00000) (1024K)]

Stack: [0x000000b292a00000,0x000000b292b00000]
Native frames: (J=compiled Java code, j=interpreted, Vv=VM code, C=native code)
V  [jvm.dll+0x6ca289]
V  [jvm.dll+0x854a51]
V  [jvm.dll+0x856f7e]
V  [jvm.dll+0x857653]
V  [jvm.dll+0x27dd26]
V  [jvm.dll+0x6c6a25]
V  [jvm.dll+0x6bb5aa]
V  [jvm.dll+0x35359a]
V  [jvm.dll+0x35b1f6]
V  [jvm.dll+0x3adade]
V  [jvm.dll+0x3add88]
V  [jvm.dll+0x3278fc]
V  [jvm.dll+0x32845b]
V  [jvm.dll+0x81de19]
V  [jvm.dll+0x3ba7c1]
V  [jvm.dll+0x807168]
V  [jvm.dll+0x44f96e]
V  [jvm.dll+0x451561]
C  [jli.dll+0x52a3]
C  [ucrtbase.dll+0x29333]
C  [KERNEL32.DLL+0x1259d]
C  [ntdll.dll+0x5af38]


---------------  P R O C E S S  ---------------

Threads class SMR info:
_java_thread_list=0x00007fffbfd1ac08, length=0, elements={
}

Java Threads: ( => current thread )
Total: 0

Other Threads:
  0x000001b6e48f8470 WorkerThread "GC Thread#0"                     [id=33216, stack(0x000000b292b00000,0x000000b292c00000) (1024K)]
  0x000001b6e4908fc0 ConcurrentGCThread "G1 Main Marker"            [id=39732, stack(0x000000b292c00000,0x000000b292d00000) (1024K)]
  0x000001b6e4909ac0 WorkerThread "G1 Conc#0"                       [id=46904, stack(0x000000b292d00000,0x000000b292e00000) (1024K)]

[error occurred during error reporting (printing all threads), id 0xc0000005, EXCEPTION_ACCESS_VIOLATION (0xc0000005) at pc=0x00007fffbf48a087]
VM state: not at safepoint (not fully initialized)

VM Mutex/Monitor currently owned by a thread:  ([mutex/lock_event])
[0x00007fffbfd8bf98] Heap_lock - owner thread: 0x000001b6e2742ff0

Heap address: 0x0000000083200000, size: 1998 MB, Compressed Oops mode: 32-bit

CDS archive(s) mapped at: [0x0000000000000000-0x0000000000000000-0x0000000000000000), size 0, SharedBaseAddress: 0x0000000800000000, ArchiveRelocationMode: 1.
Narrow klass base: 0x0000000000000000, Narrow klass shift: 0, Narrow klass range: 0x0

GC Precious Log:
 CardTable entry size: 512
 Card Set container configuration: InlinePtr #cards 5 size 8 Array Of Cards #cards 12 size 40 Howl #buckets 4 coarsen threshold 1843 Howl Bitmap #cards 512 size 80 coarsen threshold 460 Card regions per heap region 1 cards per card region 2048

Heap:
 garbage-first heap   total 0K, used 0K [0x0000000083200000, 0x0000000100000000)
  region size 1024K, 0 young (0K), 0 survivors (0K)

[error occurred during error reporting (printing heap information), id 0xc0000005, EXCEPTION_ACCESS_VIOLATION (0xc0000005) at pc=0x00007fffbf873259]
GC Heap History (0 events):
No events

Dll operation events (1 events):
Event: 0.381 Loaded shared library D:\Program Files\JAVA\jdk-21\bin\java.dll

Deoptimization events (0 events):
No events

Classes loaded (0 events):
No events

Classes unloaded (0 events):
No events

Classes redefined (0 events):
No events

Internal exceptions (0 events):
No events

ZGC Phase Switch (0 events):
No events

VM Operations (0 events):
No events

Events (0 events):
No events


Dynamic libraries:
0x00007ff7e81f0000 - 0x00007ff7e8200000 	D:\Program Files\JAVA\jdk-21\bin\java.exe
0x00007ff848970000 - 0x00007ff848b87000 	C:\WINDOWS\SYSTEM32\ntdll.dll
0x00007ff846f90000 - 0x00007ff847054000 	C:\WINDOWS\System32\KERNEL32.DLL
0x00007ff845fa0000 - 0x00007ff84635a000 	C:\WINDOWS\System32\KERNELBASE.dll
0x00007ff845c70000 - 0x00007ff845d81000 	C:\WINDOWS\System32\ucrtbase.dll
0x00007ff83fdd0000 - 0x00007ff83fde9000 	D:\Program Files\JAVA\jdk-21\bin\jli.dll
0x00007ff8475f0000 - 0x00007ff8476a2000 	C:\WINDOWS\System32\ADVAPI32.dll
0x00007ff848820000 - 0x00007ff8488c7000 	C:\WINDOWS\System32\msvcrt.dll
0x00007ff848690000 - 0x00007ff848737000 	C:\WINDOWS\System32\sechost.dll
0x00007ff845c40000 - 0x00007ff845c68000 	C:\WINDOWS\System32\bcrypt.dll
0x00007ff8476b0000 - 0x00007ff8477c4000 	C:\WINDOWS\System32\RPCRT4.dll
0x00007ff831a00000 - 0x00007ff831a1b000 	D:\Program Files\JAVA\jdk-21\bin\VCRUNTIME140.dll
0x00007ff847440000 - 0x00007ff8475ee000 	C:\WINDOWS\System32\USER32.dll
0x00007ff845f70000 - 0x00007ff845f96000 	C:\WINDOWS\System32\win32u.dll
0x00007ff847060000 - 0x00007ff847089000 	C:\WINDOWS\System32\GDI32.dll
0x00007ff846550000 - 0x00007ff84666b000 	C:\WINDOWS\System32\gdi32full.dll
0x00007ff845ed0000 - 0x00007ff845f6a000 	C:\WINDOWS\System32\msvcp_win.dll
0x00007ff832500000 - 0x00007ff832792000 	C:\WINDOWS\WinSxS\amd64_microsoft.windows.common-controls_6595b64144ccf1df_6.0.22621.4541_none_2710d1c57384c085\COMCTL32.dll
0x00007ff83ca10000 - 0x00007ff83ca1a000 	C:\WINDOWS\SYSTEM32\VERSION.dll
0x00007ff846670000 - 0x00007ff8466a1000 	C:\WINDOWS\System32\IMM32.DLL
0x00007ff83fdc0000 - 0x00007ff83fdcc000 	D:\Program Files\JAVA\jdk-21\bin\vcruntime140_1.dll
0x00007ff82f910000 - 0x00007ff82f99e000 	D:\Program Files\JAVA\jdk-21\bin\msvcp140.dll
0x00007fffbf150000 - 0x00007fffbfe68000 	D:\Program Files\JAVA\jdk-21\bin\server\jvm.dll
0x00007ff847330000 - 0x00007ff8473a1000 	C:\WINDOWS\System32\WS2_32.dll
0x00007ff83ff80000 - 0x00007ff83ffb4000 	C:\WINDOWS\SYSTEM32\WINMM.dll
0x00007ff8454f0000 - 0x00007ff84553d000 	C:\WINDOWS\SYSTEM32\POWRPROF.dll
0x00007ff845480000 - 0x00007ff845493000 	C:\WINDOWS\SYSTEM32\UMPDC.dll
0x00007ff844c40000 - 0x00007ff844c58000 	C:\WINDOWS\SYSTEM32\kernel.appcore.dll
0x00007ff831c70000 - 0x00007ff831c7a000 	D:\Program Files\JAVA\jdk-21\bin\jimage.dll
0x00007ff842d20000 - 0x00007ff842f52000 	C:\WINDOWS\SYSTEM32\DBGHELP.DLL
0x00007ff848100000 - 0x00007ff84848f000 	C:\WINDOWS\System32\combase.dll
0x00007ff848740000 - 0x00007ff848817000 	C:\WINDOWS\System32\OLEAUT32.dll
0x00007ff823960000 - 0x00007ff823992000 	C:\WINDOWS\SYSTEM32\dbgcore.DLL
0x00007ff846360000 - 0x00007ff8463db000 	C:\WINDOWS\System32\bcryptPrimitives.dll
0x00007ff83fea0000 - 0x00007ff83feaf000 	D:\Program Files\JAVA\jdk-21\bin\instrument.dll
0x00007ff8319e0000 - 0x00007ff8319ff000 	D:\Program Files\JAVA\jdk-21\bin\java.dll

dbghelp: loaded successfully - version: 4.0.5 - missing functions: none
symbol engine: initialized successfully - sym options: 0x614 - pdb path: .;D:\Program Files\JAVA\jdk-21\bin;C:\WINDOWS\SYSTEM32;C:\WINDOWS\WinSxS\amd64_microsoft.windows.common-controls_6595b64144ccf1df_6.0.22621.4541_none_2710d1c57384c085;D:\Program Files\JAVA\jdk-21\bin\server

VM Arguments:
jvm_args: -XX:TieredStopAtLevel=1 -Dspring.output.ansi.enabled=always -Dcom.sun.management.jmxremote -Dspring.jmx.enabled=true -Dspring.liveBeansView.mbeanDomain -Dspring.application.admin.enabled=true -Dmanagement.endpoints.jmx.exposure.include=* -javaagent:D:\Program Files\JAVA\IntelliJ IDEA\IntelliJ IDEA 2023.2.4\lib\idea_rt.jar=16923:D:\Program Files\JAVA\IntelliJ IDEA\IntelliJ IDEA 2023.2.4\bin -Dfile.encoding=UTF-8 -Dsun.stdout.encoding=UTF-8 -Dsun.stderr.encoding=UTF-8 
java_command: org.emsi.voiture.VoitureApplication
java_class_path (initial): D:\ZAHA Fatima Zahra\Documents\SpringBoot\eclipse-workspace\LACHGAR\etude de cas- eureka vs consul\FeignClient\Consul\Voiture\target\classes;C:\Users\ZAHA Fatima Zahra\.m2\repository\org\springframework\boot\spring-boot-starter-actuator\3.4.1\spring-boot-starter-actuator-3.4.1.jar;C:\Users\ZAHA Fatima Zahra\.m2\repository\org\springframework\boot\spring-boot-starter\3.4.1\spring-boot-starter-3.4.1.jar;C:\Users\ZAHA Fatima Zahra\.m2\repository\org\springframework\boot\spring-boot-starter-logging\3.4.1\spring-boot-starter-logging-3.4.1.jar;C:\Users\ZAHA Fatima Zahra\.m2\repository\ch\qos\logback\logback-classic\1.5.12\logback-classic-1.5.12.jar;C:\Users\ZAHA Fatima Zahra\.m2\repository\ch\qos\logback\logback-core\1.5.12\logback-core-1.5.12.jar;C:\Users\ZAHA Fatima Zahra\.m2\repository\org\apache\logging\log4j\log4j-to-slf4j\2.24.3\log4j-to-slf4j-2.24.3.jar;C:\Users\ZAHA Fatima Zahra\.m2\repository\org\apache\logging\log4j\log4j-api\2.24.3\log4j-api-2.24.3.jar;C:\Users\ZAHA Fatima Zahra\.m2\repository\org\slf4j\jul-to-slf4j\2.0.16\jul-to-slf4j-2.0.16.jar;C:\Users\ZAHA Fatima Zahra\.m2\repository\jakarta\annotation\jakarta.annotation-api\2.1.1\jakarta.annotation-api-2.1.1.jar;C:\Users\ZAHA Fatima Zahra\.m2\repository\org\yaml\snakeyaml\2.3\snakeyaml-2.3.jar;C:\Users\ZAHA Fatima Zahra\.m2\repository\org\springframework\boot\spring-boot-actuator-autoconfigure\3.4.1\spring-boot-actuator-autoconfigure-3.4.1.jar;C:\Users\ZAHA Fatima Zahra\.m2\repository\org\springframework\boot\spring-boot-actuator\3.4.1\spring-boot-actuator-3.4.1.jar;C:\Users\ZAHA Fatima Zahra\.m2\repository\com\fasterxml\jackson\core\jackson-databind\2.18.2\jackson-databind-2.18.2.jar;C:\Users\ZAHA Fatima Zahra\.m2\repository\com\fasterxml\jackson\core\jackson-annotations\2.18.2\jackson-annotations-2.18.2.jar;C:\Users\ZAHA Fatima Zahra\.m2\repository\com\fasterxml\jackson\core\jackson-core\2.18.2\jackson-core-2.18.2.jar;C:\Users\ZAHA Fatima Zahra\.m2\repository\com\fasterxml\jackson\datatype\jackson-datatype-jsr310\2.18.2\jackson-datatype-jsr310-2.18.2.jar;C:\Users\ZAHA Fatima Zahra\.m2\repository\io\micrometer\micrometer-observation\1.14.2\micrometer-observation-1.14.2.jar;C:\Users\ZAHA Fatima Zahra\.m2\repository\io\micrometer\micrometer-commons\1.14.2\micrometer-commons-1.14.2.jar;C:\Users\ZAHA Fatima Zahra\.m2\repository\io\micrometer\micrometer-jakarta9\1.14.2\micrometer-jakarta9-1.14.2.jar;C:\Users\ZAHA Fatima Zahra\.m2\repository\io\micrometer\micrometer-core\1.14.2\micrometer-core-1.14.2.jar;C:\Users\ZAHA Fatima Zahra\.m2\repository\org\hdrhistogram\HdrHistogram\2.2.2\HdrHistogram-2.2.2.jar;C:\Users\ZAHA Fatima Zahra\.m2\repository\org\latencyutils\LatencyUtils\2.0.3\LatencyUtils-2.0.3.jar;C:\Users\ZAHA Fatima Zahra\.m2\repository\org\springframework\boot\spring-boot-starter-data-jpa\3.4.1\spring-boot-starter-data-jpa-3.4.1.jar;C:\Users\ZAHA Fatima Zahra\.m2\repository\org\springframework\boot\spring-boot-starter-jdbc\3.4.1\spring-boot-starter-jdbc-3.4.1.jar;C:\Users\ZAHA Fatima Zahra\.m2\repository\com\zaxxer\HikariCP\5.1.0\HikariCP-5.1.0.jar;C:\Users\ZAHA Fatima Zahra\.m2\repository\org\springframework\spring-jdbc\6.2.1\spring-jdbc-6.2.1.jar;C:\Users\ZAHA Fatima Zahra\.m2\repository\org\hibernate\orm\hibernate-core\6.6.4.Final\hibernate-core-6.6.4.Final.jar;C:\Users\ZAHA Fatima Zahra\.m2\repository\jakarta\persistence\jakarta.persistence-api\3.1.0\jakarta.persistence-api-3.1.0.jar;C:\Users\ZAHA Fatima Zahra\.m2\repository\jakarta\transaction\jakarta.transaction-api\2.0.1\jakarta.transaction-api-2.0.1.jar;C:\Users\ZAHA Fatima Zahra\.m2\repository\org\jboss\logging\jboss-logging\3.6.1.Final\jboss-logging-3.6.1.Final.jar;C:\Users\ZAHA Fatima Zahra\.m2\repository\org\hibernate\common\hibernate-commons-annotations\7.0.3.Final\hibernate-commons-annotations-7.0.3.Final.jar;C:\Users\ZAHA Fatima Zahra\.m2\repository\io\smallrye\jandex\3.2.0\jandex-3.2.0.jar;C:\Users\ZAHA Fatima Zahra\.m2\repository\com\fasterxml\classmate\1.7.0\classmate-1.7.0.jar;C:\Users\ZAHA Fatima Zahra\.m2\repository\net\bytebuddy\byte-buddy\1.15.11\byte-buddy-1.15.11.jar;C:\Users\ZAHA Fatima Zahra\.m2\repository\org\glassfish\jaxb\jaxb-runtime\4.0.5\jaxb-runtime-4.0.5.jar;C:\Users\ZAHA Fatima Zahra\.m2\repository\org\glassfish\jaxb\jaxb-core\4.0.5\jaxb-core-4.0.5.jar;C:\Users\ZAHA Fatima Zahra\.m2\repository\org\eclipse\angus\angus-activation\2.0.2\angus-activation-2.0.2.jar;C:\Users\ZAHA Fatima Zahra\.m2\repository\org\glassfish\jaxb\txw2\4.0.5\txw2-4.0.5.jar;C:\Users\ZAHA Fatima Zahra\.m2\repository\com\sun\istack\istack-commons-runtime\4.1.2\istack-commons-runtime-4.1.2.jar;C:\Users\ZAHA Fatima Zahra\.m2\repository\jakarta\inject\jakarta.inject-api\2.0.1\jakarta.inject-api-2.0.1.jar;C:\Users\ZAHA Fatima Zahra\.m2\repository\org\antlr\antlr4-runtime\4.13.0\antlr4-runtime-4.13.0.jar;C:\Users\ZAHA Fatima Zahra\.m2\repository\org\springframework\data\spring-data-jpa\3.4.1\spring-data-jpa-3.4.1.jar;C:\Users\ZAHA Fatima Zahra\.m2\repository\org\springframework\data\spring-data-commons\3.4.1\spring-data-commons-3.4.1.jar;C:\Users\ZAHA Fatima Zahra\.m2\repository\org\springframework\spring-orm\6.2.1\spring-orm-6.2.1.jar;C:\Users\ZAHA Fatima Zahra\.m2\repository\org\springframework\spring-context\6.2.1\spring-context-6.2.1.jar;C:\Users\ZAHA Fatima Zahra\.m2\repository\org\springframework\spring-aop\6.2.1\spring-aop-6.2.1.jar;C:\Users\ZAHA Fatima Zahra\.m2\repository\org\springframework\spring-tx\6.2.1\spring-tx-6.2.1.jar;C:\Users\ZAHA Fatima Zahra\.m2\repository\org\slf4j\slf4j-api\2.0.16\slf4j-api-2.0.16.jar;C:\Users\ZAHA Fatima Zahra\.m2\repository\org\springframework\spring-aspects\6.2.1\spring-aspects-6.2.1.jar;C:\Users\ZAHA Fatima Zahra\.m2\repository\org\aspectj\aspectjweaver\1.9.22.1\aspectjweaver-1.9.22.1.jar;C:\Users\ZAHA Fatima Zahra\.m2\repository\org\springframework\boot\spring-boot-starter-hateoas\3.4.1\spring-boot-starter-hateoas-3.4.1.jar;C:\Users\ZAHA Fatima Zahra\.m2\repository\org\springframework\hateoas\spring-hateoas\2.4.1\spring-hateoas-2.4.1.jar;C:\Users\ZAHA Fatima Zahra\.m2\repository\org\springframework\plugin\spring-plugin-core\3.0.0\spring-plugin-core-3.0.0.jar;C:\Users\ZAHA Fatima Zahra\.m2\repository\org\springframework\boot\spring-boot-starter-web\3.4.1\spring-boot-starter-web-3.4.1.jar;C:\Users\ZAHA Fatima Zahra\.m2\repository\org\springframework\boot\spring-boot-starter-json\3.4.1\spring-boot-starter-json-3.4.1.jar;C:\Users\ZAHA Fatima Zahra\.m2\repository\com\fasterxml\jackson\datatype\jackson-datatype-jdk8\2.18.2\jackson-datatype-jdk8-2.18.2.jar;C:\Users\ZAHA Fatima Zahra\.m2\repository\com\fasterxml\jackson\module\jackson-module-parameter-names\2.18.2\jackson-module-parameter-names-2.18.2.jar;C:\Users\ZAHA Fatima Zahra\.m2\repository\org\springframework\boot\spring-boot-starter-tomcat\3.4.1\spring-boot-starter-tomcat-3.4.1.jar;C:\Users\ZAHA Fatima Zahra\.m2\repository\org\apache\tomcat\embed\tomcat-embed-core\10.1.34\tomcat-embed-core-10.1.34.jar;C:\Users\ZAHA Fatima Zahra\.m2\repository\org\apache\tomcat\embed\tomcat-embed-el\10.1.34\tomcat-embed-el-10.1.34.jar;C:\Users\ZAHA Fatima Zahra\.m2\repository\org\apache\tomcat\embed\tomcat-embed-websocket\10.1.34\tomcat-embed-websocket-10.1.34.jar;C:\Users\ZAHA Fatima Zahra\.m2\repository\org\springframework\spring-webmvc\6.2.1\spring-webmvc-6.2.1.jar;C:\Users\ZAHA Fatima Zahra\.m2\repository\org\springframework\spring-expression\6.2.1\spring-expression-6.2.1.jar;C:\Users\ZAHA Fatima Zahra\.m2\repository\org\springframework\cloud\spring-cloud-starter-openfeign\4.2.0\spring-cloud-starter-openfeign-4.2.0.jar;C:\Users\ZAHA Fatima Zahra\.m2\repository\org\springframework\cloud\spring-cloud-starter\4.2.0\spring-cloud-starter-4.2.0.jar;C:\Users\ZAHA Fatima Zahra\.m2\repository\org\springframework\cloud\spring-cloud-context\4.2.0\spring-cloud-context-4.2.0.jar;C:\Users\ZAHA Fatima Zahra\.m2\repository\org\bouncycastle\bcprov-jdk18on\1.78.1\bcprov-jdk18on-1.78.1.jar;C:\Users\ZAHA Fatima Zahra\.m2\repository\org\springframework\cloud\spring-cloud-openfeign-core\4.2.0\spring-cloud-openfeign-core-4.2.0.jar;C:\Users\ZAHA Fatima Zahra\.m2\repository\io\github\openfeign\feign-form-spring\13.5\feign-form-spring-13.5.jar;C:\Users\ZAHA Fatima Zahra\.m2\repository\io\github\openfeign\feign-form\13.5\feign-form-13.5.jar;C:\Users\ZAHA Fatima Zahra\.m2\repository\commons-fileupload\commons-fileupload\1.5\commons-fileupload-1.5.jar;C:\Users\ZAHA Fatima Zahra\.m2\repository\commons-io\commons-io\2.11.0\commons-io-2.11.0.jar;C:\Users\ZAHA Fatima Zahra\.m2\repository\org\springframework\cloud\spring-cloud-commons\4.2.0\spring-cloud-commons-4.2.0.jar;C:\Users\ZAHA Fatima Zahra\.m2\repository\org\springframework\security\spring-security-crypto\6.4.2\spring-security-crypto-6.4.2.jar;C:\Users\ZAHA Fatima Zahra\.m2\repository\io\github\openfeign\feign-core\13.5\feign-core-13.5.jar;C:\Users\ZAHA Fatima Zahra\.m2\repository\io\github\openfeign\feign-slf4j\13.5\feign-slf4j-13.5.jar;C:\Users\ZAHA Fatima Zahra\.m2\repository\org\springframework\cloud\spring-cloud-starter-consul-discovery\4.2.0\spring-cloud-starter-consul-discovery-4.2.0.jar;C:\Users\ZAHA Fatima Zahra\.m2\repository\org\springframework\cloud\spring-cloud-starter-consul\4.2.0\spring-cloud-starter-consul-4.2.0.jar;C:\Users\ZAHA Fatima Zahra\.m2\repository\org\springframework\cloud\spring-cloud-consul-core\4.2.0\spring-cloud-consul-core-4.2.0.jar;C:\Users\ZAHA Fatima Zahra\.m2\repository\org\springframework\boot\spring-boot-starter-validation\3.4.1\spring-boot-starter-validation-3.4.1.jar;C:\Users\ZAHA Fatima Zahra\.m2\repository\org\hibernate\validator\hibernate-validator\8.0.2.Final\hibernate-validator-8.0.2.Final.jar;C:\Users\ZAHA Fatima Zahra\.m2\repository\jakarta\validation\jakarta.validation-api\3.0.2\jakarta.validation-api-3.0.2.jar;C:\Users\ZAHA Fatima Zahra\.m2\repository\com\ecwid\consul\consul-api\1.4.5\consul-api-1.4.5.jar;C:\Users\ZAHA Fatima Zahra\.m2\repository\com\google\code\gson\gson\2.11.0\gson-2.11.0.jar;C:\Users\ZAHA Fatima Zahra\.m2\repository\com\google\errorprone\error_prone_annotations\2.27.0\error_prone_annotations-2.27.0.jar;C:\Users\ZAHA Fatima Zahra\.m2\repository\org\apache\httpcomponents\httpclient\4.5.14\httpclient-4.5.14.jar;C:\Users\ZAHA Fatima Zahra\.m2\repository\commons-logging\commons-logging\1.2\commons-logging-1.2.jar;C:\Users\ZAHA Fatima Zahra\.m2\repository\commons-codec\commons-codec\1.17.1\commons-codec-1.17.1.jar;C:\Users\ZAHA Fatima Zahra\.m2\repository\org\apache\httpcomponents\httpcore\4.4.16\httpcore-4.4.16.jar;C:\Users\ZAHA Fatima Zahra\.m2\repository\org\springframework\cloud\spring-cloud-consul-discovery\4.2.0\spring-cloud-consul-discovery-4.2.0.jar;C:\Users\ZAHA Fatima Zahra\.m2\repository\org\springframework\cloud\spring-cloud-starter-loadbalancer\4.2.0\spring-cloud-starter-loadbalancer-4.2.0.jar;C:\Users\ZAHA Fatima Zahra\.m2\repository\org\springframework\cloud\spring-cloud-loadbalancer\4.2.0\spring-cloud-loadbalancer-4.2.0.jar;C:\Users\ZAHA Fatima Zahra\.m2\repository\io\projectreactor\reactor-core\3.7.1\reactor-core-3.7.1.jar;C:\Users\ZAHA Fatima Zahra\.m2\repository\org\reactivestreams\reactive-streams\1.0.4\reactive-streams-1.0.4.jar;C:\Users\ZAHA Fatima Zahra\.m2\repository\io\projectreactor\addons\reactor-extra\3.5.2\reactor-extra-3.5.2.jar;C:\Users\ZAHA Fatima Zahra\.m2\repository\org\springframework\boot\spring-boot-starter-cache\3.4.1\spring-boot-starter-cache-3.4.1.jar;C:\Users\ZAHA Fatima Zahra\.m2\repository\org\springframework\spring-context-support\6.2.1\spring-context-support-6.2.1.jar;C:\Users\ZAHA Fatima Zahra\.m2\repository\com\stoyanr\evictor\1.0.0\evictor-1.0.0.jar;C:\Users\ZAHA Fatima Zahra\.m2\repository\org\springframework\boot\spring-boot-devtools\3.4.1\spring-boot-devtools-3.4.1.jar;C:\Users\ZAHA Fatima Zahra\.m2\repository\org\springframework\boot\spring-boot\3.4.1\spring-boot-3.4.1.jar;C:\Users\ZAHA Fatima Zahra\.m2\repository\org\springframework\boot\spring-boot-autoconfigure\3.4.1\spring-boot-autoconfigure-3.4.1.jar;C:\Users\ZAHA Fatima Zahra\.m2\repository\com\h2database\h2\2.3.232\h2-2.3.232.jar;C:\Users\ZAHA Fatima Zahra\.m2\repository\com\mysql\mysql-connector-j\9.1.0\mysql-connector-j-9.1.0.jar;C:\Users\ZAHA Fatima Zahra\.m2\repository\org\projectlombok\lombok\1.18.36\lombok-1.18.36.jar;C:\Users\ZAHA Fatima Zahra\.m2\repository\com\jayway\jsonpath\json-path\2.9.0\json-path-2.9.0.jar;C:\Users\ZAHA Fatima Zahra\.m2\repository\jakarta\xml\bind\jakarta.xml.bind-api\4.0.2\jakarta.xml.bind-api-4.0.2.jar;C:\Users\ZAHA Fatima Zahra\.m2\repository\jakarta\activation\jakarta.activation-api\2.1.3\jakarta.activation-api-2.1.3.jar;C:\Users\ZAHA Fatima Zahra\.m2\repository\net\minidev\json-smart\2.5.1\json-smart-2.5.1.jar;C:\Users\ZAHA Fatima Zahra\.m2\repository\net\minidev\accessors-smart\2.5.1\accessors-smart-2.5.1.jar;C:\Users\ZAHA Fatima Zahra\.m2\repository\org\ow2\asm\asm\9.6\asm-9.6.jar;C:\Users\ZAHA Fatima Zahra\.m2\repository\org\springframework\spring-core\6.2.1\spring-core-6.2.1.jar;C:\Users\ZAHA Fatima Zahra\.m2\repository\org\springframework\spring-jcl\6.2.1\spring-jcl-6.2.1.jar;C:\Users\ZAHA Fatima Zahra\.m2\repository\org\springframework\spring-web\6.2.1\spring-web-6.2.1.jar;C:\Users\ZAHA Fatima Zahra\.m2\repository\org\springframework\spring-beans\6.2.1\spring-beans-6.2.1.jar
Launcher Type: SUN_STANDARD

[Global flags]
     intx CICompilerCount                          = 4                                         {product} {ergonomic}
     uint ConcGCThreads                            = 2                                         {product} {ergonomic}
     uint G1ConcRefinementThreads                  = 8                                         {product} {ergonomic}
   size_t G1HeapRegionSize                         = 1048576                                   {product} {ergonomic}
    uintx GCDrainStackTargetSize                   = 64                                        {product} {ergonomic}
   size_t InitialHeapSize                          = 132120576                                 {product} {ergonomic}
     bool ManagementServer                         = true                                      {product} {command line}
   size_t MarkStackSize                            = 4194304                                   {product} {ergonomic}
   size_t MaxHeapSize                              = 2095054848                                {product} {ergonomic}
   size_t MinHeapDeltaBytes                        = 1048576                                   {product} {ergonomic}
   size_t MinHeapSize                              = 8388608                                   {product} {ergonomic}
    uintx NonNMethodCodeHeapSize                   = 4096                                   {pd product} {ergonomic}
    uintx NonProfiledCodeHeapSize                  = 0                                      {pd product} {ergonomic}
     bool ProfileInterpreter                       = false                                  {pd product} {command line}
    uintx ProfiledCodeHeapSize                     = 0                                      {pd product} {ergonomic}
   size_t SoftMaxHeapSize                          = 2095054848                             {manageable} {ergonomic}
     intx TieredStopAtLevel                        = 1                                         {product} {command line}
     bool UseCompressedOops                        = true                           {product lp64_product} {ergonomic}
     bool UseG1GC                                  = true                                      {product} {ergonomic}
     bool UseLargePagesIndividualAllocation        = false                                  {pd product} {ergonomic}

Logging:
Log output configuration:
 #0: stdout all=warning uptime,level,tags foldmultilines=false
 #1: stderr all=off uptime,level,tags foldmultilines=false

Environment Variables:
JAVA_HOME=D:\Program Files\JAVA\jdk-21
PATH=D:\oracle\product\21c\dbhomeXE\bin;C:\Program Files\Common Files\Oracle\Java\javapath;C:\Program Files (x86)\Common Files\Oracle\Java\java8path;C:\Program Files (x86)\Common Files\Oracle\Java\javapath;C:\Windows\System32\HWAudioDriverLibs;C:\Windows\system32;C:\Windows;C:\Windows\System32\Wbem;C:\Windows\System32\WindowsPowerShell\v1.0\;C:\Windows\System32\OpenSSH\;C:\Users\Administrator\AppData\Local\Microsoft\WindowsApps;C:\WINDOWS\system32;C:\WINDOWS;C:\WINDOWS\System32\Wbem;C:\WINDOWS\System32\WindowsPowerShell\v1.0\;C:\WINDOWS\System32\OpenSSH\;C:\Program Files\MySQL\MySQL Server 8.0\bin;C:\Program Files\Microsoft SQL Server\Client SDK\ODBC\170\Tools\Binn\;C:\Program Files (x86)\Microsoft SQL Server\160\Tools\Binn\;C:\Program Files\Microsoft SQL Server\160\Tools\Binn\;C:\Program Files\Microsoft SQL Server\160\DTS\Binn\;C:\wamp\bin\mysql\mysql5.7.40\bin;D:\Program Files\JAVA\JDK\bin;C:\WINDOWS\system32;C:\WINDOWS;C:\WINDOWS\System32\Wbem;C:\WINDOWS\System32\WindowsPowerShell\v1.0\;C:\WINDOWS\System32\OpenSSH\;D:\Program Files\nodejs\;D:\Program Files\Git\cmd;D:\Program Files\JAVA\apache-maven-3.9.6\bin;C:\wamp\bin\mysql\mysql5.7.40\bin;C:\Program Files\Docker\Docker\resources\bin;D:\Program Files\JAVA\jdk-21\bin;D:\Program Files\nodejs\npm.cmd;C:\wamp\bin\apache\apache2.4.54.2\bin;D:\Program Files\nodejs;D:\SDK\flutter\bin;D:\sonar-scanner\bin;D:\angular_cli\node_modules\.bin;D:\Program Files\PostgreSQL\17\bin;D:\firebase\node_modules\.bin;D:\firebase;D:\flutter_cli\bin;D:\ZAHA Fatima Zahra\AppData\Local\Pub\bin;D:\protoc\bin;D:\consul_1.20.1_windows_amd64;C:\Program Files\MySQL\MySQL Shell 8.0\bin\;C:\Users\ZAHA Fatima Zahra\AppData\Local\Microsoft\WindowsApps;C:\Program Files\Azure Data Studio\bin;C:\sqlite3;D:\itformation\cygwin\bin;C:\wamp\bin\mysql\mysql5.7.40\bin;C:\Users\ZAHA Fatima Zahra\AppData\Local\Packages\PythonSoftwareFoundation.Python.3.10_qbz5n2kfra8p0\LocalCache\local-packages\Python310\Scripts;D:\Program Files\JAVA\IntelliJ IDEA\IntelliJ IDEA 2023.2.4\bin;;D:\ZAHA Fatima Zahra\AppData\Local\Programs\Microsoft VS Code\bin;C:\Users\ZAHA Fatima Zahra\AppData\Roaming\npm;D:\SDK\flutter\bin;
USERNAME=ZAHA Fatima Zahra
OS=Windows_NT
PROCESSOR_IDENTIFIER=Intel64 Family 6 Model 140 Stepping 1, GenuineIntel
TMP=C:\Users\ZAHAFA~1\AppData\Local\Temp
TEMP=C:\Users\ZAHAFA~1\AppData\Local\Temp




Periodic native trim disabled

---------------  S Y S T E M  ---------------

OS:
 Windows 11 , 64 bit Build 22621 (10.0.22621.4391)
OS uptime: 5 days 15:34 hours
Hyper-V role detected

CPU: total 8 (initial active 8) (4 cores per cpu, 2 threads per core) family 6 model 140 stepping 1 microcode 0x8a, cx8, cmov, fxsr, ht, mmx, 3dnowpref, sse, sse2, sse3, ssse3, sse4.1, sse4.2, popcnt, lzcnt, tsc, tscinvbit, avx, avx2, aes, erms, clmul, bmi1, bmi2, adx, avx512f, avx512dq, avx512cd, avx512bw, avx512vl, sha, fma, vzeroupper, avx512_vpopcntdq, avx512_vpclmulqdq, avx512_vaes, avx512_vnni, clflush, clflushopt, clwb, avx512_vbmi2, avx512_vbmi, hv, rdtscp, rdpid, fsrm, gfni, avx512_bitalg, f16c, cet_ibt, cet_ss, avx512_ifma
Processor Information for all 8 processors :
  Max Mhz: 2419, Current Mhz: 2419, Mhz Limit: 2419

Memory: 4k page, system-wide physical 7991M (520M free)
TotalPageFile size 23351M (AvailPageFile size 6M)
current process WorkingSet (physical memory assigned to process): 11M, peak: 11M
current process commit charge ("private bytes"): 55M, peak: 181M

vm_info: Java HotSpot(TM) 64-Bit Server VM (21.0.5+9-LTS-239) for windows-amd64 JRE (21.0.5+9-LTS-239), built on 2024-09-30T05:17:38Z by "mach5one" with MS VC++ 17.6 (VS2022)

END.
